<?xml version="1.0" encoding="UTF-8"?>
<!-- Generated by org.testng.reporters.JUnitXMLReporter -->
<testsuite hostname="466Y8OHYYK7LUE7" ignored="0" name="test1" tests="1" failures="0" timestamp="14 十一月 2019 09:26:35 GMT" time="0.209" errors="0">
  <testcase name="@BeforeClass doBeforeClass" time="0.169" classname="com.webtest.core.BaseTest">
    <failure type="java.lang.IllegalStateException" message="Specified firefox binary location does not exist or is not a real file: F:Program Files (x86)Mozilla Firefoxirefox.exe">
      <![CDATA[java.lang.IllegalStateException: Specified firefox binary location does not exist or is not a real file: F:Program Files (x86)Mozilla Firefoxirefox.exe
at com.google.common.base.Preconditions.checkState(Preconditions.java:504)
at org.openqa.selenium.firefox.Executable.<init>(Executable.java:43)
at org.openqa.selenium.firefox.FirefoxBinary.<init>(FirefoxBinary.java:123)
at org.openqa.selenium.firefox.FirefoxOptions$Binary.asBinary(FirefoxOptions.java:420)
at java.util.Optional.map(Optional.java:215)
at org.openqa.selenium.firefox.FirefoxOptions.getBinaryOrNull(FirefoxOptions.java:220)
at org.openqa.selenium.firefox.FirefoxOptions.getBinary(FirefoxOptions.java:216)
at org.openqa.selenium.firefox.FirefoxDriver.toExecutor(FirefoxDriver.java:187)
at org.openqa.selenium.firefox.FirefoxDriver.<init>(FirefoxDriver.java:147)
at org.openqa.selenium.firefox.FirefoxDriver.<init>(FirefoxDriver.java:125)
at com.webtest.core.BaseTest.newWebDriver(BaseTest.java:48)
at com.webtest.core.BaseTest.doBeforeClass(BaseTest.java:79)
... Removed 26 stack frames]]>
    </failure>
  </testcase> <!-- @BeforeClass doBeforeClass -->
  <testcase name="testLogin" time="0.0" classname="com.webtest.demo.Admin_Login">
    <skipped/>
  </testcase> <!-- testLogin -->
</testsuite> <!-- test1 -->
