<?xml version="1.0" encoding="UTF-8"?>
<!-- Generated by org.testng.reporters.JUnitXMLReporter -->
<testsuite hostname="DESKTOP-RP7FE1C" ignored="8" name="Default test" tests="1" failures="0" timestamp="12 十二月 2019 01:52:45 GMT" time="35.07" errors="0">
  <testcase name="changeStoreqq" time="15.816" classname="com.webtest.lizhe.StoreConfiguration"/>
  <testcase name="changeTel2" time="0.0" classname="com.webtest.lizhe.StoreConfiguration">
    <ignored/>
  </testcase> <!-- changeTel2 -->
  <testcase name="purchaseSMSAccount" time="0.0" classname="com.webtest.lizhe.StoreConfiguration">
    <ignored/>
  </testcase> <!-- purchaseSMSAccount -->
  <testcase name="changeDesc1" time="0.0" classname="com.webtest.lizhe.StoreConfiguration">
    <ignored/>
  </testcase> <!-- changeDesc1 -->
  <testcase name="changeDedaultFreight2" time="0.0" classname="com.webtest.lizhe.StoreConfiguration">
    <ignored/>
  </testcase> <!-- changeDedaultFreight2 -->
  <testcase name="changeUnpaidOrderFailureTime" time="0.0" classname="com.webtest.lizhe.StoreConfiguration">
    <ignored/>
  </testcase> <!-- changeUnpaidOrderFailureTime -->
  <testcase name="changeDedaultEvaluateTime1" time="0.0" classname="com.webtest.lizhe.StoreConfiguration">
    <ignored/>
  </testcase> <!-- changeDedaultEvaluateTime1 -->
  <testcase name="changeDedaultGetTime1" time="0.0" classname="com.webtest.lizhe.StoreConfiguration">
    <ignored/>
  </testcase> <!-- changeDedaultGetTime1 -->
  <testcase name="changeDedaultFreight1" time="0.0" classname="com.webtest.lizhe.StoreConfiguration">
    <ignored/>
  </testcase> <!-- changeDedaultFreight1 -->
</testsuite> <!-- Default test -->
