<?xml version="1.0" encoding="UTF-8"?>
<testng-results skipped="0" failed="0" ignored="0" total="1" passed="1">
  <reporter-output>
  </reporter-output>
  <suite name="s1" duration-ms="11324" started-at="2019-11-14T02:55:10Z" finished-at="2019-11-14T02:55:21Z">
    <groups>
    </groups>
    <test name="test1" duration-ms="11324" started-at="2019-11-14T02:55:10Z" finished-at="2019-11-14T02:55:21Z">
      <class name="com.webtest.demo.Admin_Login">
        <test-method status="PASS" signature="doBeforeClass()[pri:0, instance:com.webtest.demo.Admin_Login@26653222]" name="doBeforeClass" is-config="true" duration-ms="4261" started-at="2019-11-14T02:55:10Z" finished-at="2019-11-14T02:55:14Z">
          <reporter-output>
          </reporter-output>
        </test-method> <!-- doBeforeClass -->
        <test-method status="PASS" signature="testLogin()[pri:0, instance:com.webtest.demo.Admin_Login@26653222]" name="testLogin" duration-ms="7042" started-at="2019-11-14T02:55:14Z" finished-at="2019-11-14T02:55:21Z">
          <reporter-output>
          </reporter-output>
        </test-method> <!-- testLogin -->
      </class> <!-- com.webtest.demo.Admin_Login -->
    </test> <!-- test1 -->
  </suite> <!-- s1 -->
</testng-results>
